<?xml version="1.0" encoding="UTF-8"?>
<!-- Generated by org.testng.reporters.JUnitXMLReporter -->
<testsuite hostname="sudarshans-mbp.lan" ignored="0" name="Default test" tests="4" failures="0" timestamp="11 Jan 2019 13:06:37 GMT" time="16.506" errors="0">
  <testcase name="populateRandomNumbers" time="2.139" classname="randomnumbers.test.RandomNumberTestNGTest"/>
  <testcase name="populateFormat" time="2.085" classname="randomnumbers.test.RandomNumberTestNGTest"/>
  <testcase name="submitForm" time="2.823" classname="randomnumbers.test.RandomNumberTestNGTest"/>
  <testcase name="getAndSortData" time="2.038" classname="randomnumbers.test.RandomNumberTestNGTest"/>
</testsuite> <!-- Default test -->
