<?xml version="1.0" encoding="UTF-8"?>
<testng-results skipped="0" failed="0" ignored="0" total="4" passed="4">
  <reporter-output>
  </reporter-output>
  <suite name="Default suite" duration-ms="16506" started-at="2019-01-11T13:06:14Z" finished-at="2019-01-11T13:06:31Z">
    <groups>
    </groups>
    <test name="Default test" duration-ms="16506" started-at="2019-01-11T13:06:14Z" finished-at="2019-01-11T13:06:31Z">
      <class name="randomnumbers.test.RandomNumberTestNGTest">
        <test-method status="PASS" signature="launchBrowser()[pri:0, instance:randomnumbers.test.RandomNumberTestNGTest@2a2d45ba]" name="launchBrowser" is-config="true" duration-ms="5312" started-at="2019-01-11T13:06:14Z" finished-at="2019-01-11T13:06:20Z">
          <reporter-output>
          </reporter-output>
        </test-method> <!-- launchBrowser -->
        <test-method status="PASS" signature="populateRandomNumbers()[pri:1, instance:randomnumbers.test.RandomNumberTestNGTest@2a2d45ba]" name="populateRandomNumbers" duration-ms="2139" started-at="2019-01-11T13:06:20Z" finished-at="2019-01-11T13:06:22Z">
          <reporter-output>
          </reporter-output>
        </test-method> <!-- populateRandomNumbers -->
        <test-method status="PASS" signature="populateFormat()[pri:2, instance:randomnumbers.test.RandomNumberTestNGTest@2a2d45ba]" name="populateFormat" duration-ms="2085" started-at="2019-01-11T13:06:22Z" finished-at="2019-01-11T13:06:24Z">
          <reporter-output>
          </reporter-output>
        </test-method> <!-- populateFormat -->
        <test-method status="PASS" signature="submitForm()[pri:3, instance:randomnumbers.test.RandomNumberTestNGTest@2a2d45ba]" name="submitForm" duration-ms="2823" started-at="2019-01-11T13:06:24Z" finished-at="2019-01-11T13:06:27Z">
          <reporter-output>
          </reporter-output>
        </test-method> <!-- submitForm -->
        <test-method status="PASS" signature="getAndSortData()[pri:4, instance:randomnumbers.test.RandomNumberTestNGTest@2a2d45ba]" name="getAndSortData" duration-ms="2038" started-at="2019-01-11T13:06:27Z" finished-at="2019-01-11T13:06:29Z">
          <reporter-output>
          </reporter-output>
        </test-method> <!-- getAndSortData -->
        <test-method status="PASS" signature="closeBrowser()[pri:0, instance:randomnumbers.test.RandomNumberTestNGTest@2a2d45ba]" name="closeBrowser" is-config="true" duration-ms="2087" started-at="2019-01-11T13:06:29Z" finished-at="2019-01-11T13:06:31Z">
          <reporter-output>
          </reporter-output>
        </test-method> <!-- closeBrowser -->
      </class> <!-- randomnumbers.test.RandomNumberTestNGTest -->
    </test> <!-- Default test -->
  </suite> <!-- Default suite -->
</testng-results>
